ch4_p5.sfl
dst\ch4_koma_004.tga
dst\ch4_koma_005.tga
dst\ch4_p5_1_000.tga
dst\ch4_p5_2_000.tga
dst\ch4_p5_2_001.tga
dst\ch4_p5_3_000.tga
dst\ch4_p5_4_000.tga
dst\ch4_p5_4_001.tga
dst\ch4_p5_5_000.tga
dst\ch4_p5_5_001.tga
dst\ch4_p5_6_000.tga
dst\ch4_p5_7_000.tga
dst\ch4_p5_8_000.tga
dst\ch4_p5_9_000.tga
dst\ch4_p5_9_001.tga
dst\ch4_p5_10_000.tga
dst\ch4_p5_11_000.tga
dst\ch4_p5_11_001.tga
dst\ch4_p5_11_002.tga
dst\ch4_p5_11_003.tga
dst\ch4_p5_11_004.tga
dst\ch4_p5_bg1_000.tga
dst\ch4_p5_bg1_001.tga
dst\ch4_p5_bg2_000.tga
dst\ch4_p5_bg3_000.tga
dst\ch4_p5_bg3_001.tga
dst\ch4_p5_bg4_000.tga
dst\ch4_p5_bg5_000.tga
dst\ch4_p5_bg5_001.tga
dst\ch4_p5_bg6_000.tga
dst\ch4_p5_bg7_000.tga
dst\ch4_p5_line_000.tga
dst\bg_black_000.tga
