C:\Work\dangan\Development\Source\grp\dr1\us\cg\tex_chapter\dst\adv_chapter_pl_000.tga
C:\Work\dangan\Development\Source\grp\dr1\us\cg\tex_chapter\dst\adv_chapter_pl_001.tga
C:\Work\dangan\Development\Source\grp\dr1\us\cg\tex_chapter\dst\adv_chapter_pl_handle_000.tga
C:\Work\dangan\Development\Source\grp\dr1\us\cg\tex_chapter\dst\adv_chapter_pl_handle_001.tga
C:\Work\dangan\Development\Source\grp\dr1\us\cg\tex_chapter\dst\adv_chapter_pl_handle_002.tga
C:\Work\dangan\Development\Source\grp\dr1\us\cg\tex_chapter\dst\adv_chapter_tx_000.tga
C:\Work\dangan\Development\Source\grp\dr1\us\cg\tex_chapter\dst\adv_chapter_tx_001.tga
C:\Work\dangan\Development\Source\grp\dr1\us\cg\tex_chapter\dst\adv_chapter_tx_002.tga
C:\Work\dangan\Development\Source\grp\dr1\us\cg\tex_chapter\dst\adv_chapter_tx_003.tga
C:\Work\dangan\Development\Source\grp\dr1\us\cg\tex_chapter\dst\adv_chapter_tx_004.tga
C:\Work\dangan\Development\Source\grp\dr1\us\cg\tex_chapter\dst\adv_chapter_tx_005.tga
C:\Work\dangan\Development\Source\grp\dr1\us\cg\tex_chapter\dst\adv_chapter_tx_006.tga
C:\Work\dangan\Development\Source\grp\dr1\us\cg\tex_chapter\dst\adv_chapter_tx_007.tga
C:\Work\dangan\Development\Source\grp\dr1\us\cg\tex_chapter\dst\adv_time_pl_000.tga
C:\Work\dangan\Development\Source\grp\dr1\us\cg\tex_chapter\dst\adv_time_pl_001.tga
C:\Work\dangan\Development\Source\grp\dr1\us\cg\tex_chapter\dst\adv_time_pl_002.tga
C:\Work\dangan\Development\Source\grp\dr1\us\cg\tex_chapter\dst\adv_time_pl_003.tga
C:\Work\dangan\Development\Source\grp\dr1\us\cg\tex_chapter\dst\adv_time_tx_000.tga
C:\Work\dangan\Development\Source\grp\dr1\us\cg\tex_chapter\dst\adv_time_tx_001.tga
C:\Work\dangan\Development\Source\grp\dr1\us\cg\tex_chapter\dst\adv_time_tx_002.tga
C:\Work\dangan\Development\Source\grp\dr1\us\cg\tex_chapter\dst\adv_time_tx_003.tga
C:\Work\dangan\Development\Source\grp\dr1\us\cg\tex_chapter\dst\adv_time_tx_004.tga
