ch3_p9.sfl
dst\ch3_koma_008.tga
dst\ch3_p9_1_000.tga
dst\ch3_p9_1_001.tga
dst\ch3_p9_2_000.tga
dst\ch3_p9_3_000.tga
dst\ch3_p9_3_001.tga
dst\ch3_p9_5_000.tga
dst\ch3_p9_8_000.tga
dst\ch3_p9_9_000.tga
dst\ch3_p9_10_000.tga
dst\ch3_p9_11_000.tga
dst\ch3_p9_12_000.tga
dst\ch3_p9_15_000.tga
dst\ch3_p9_15_001.tga
dst\ch3_p9_15_002.tga
dst\ch3_p9_15_003.tga
dst\ch3_p9_19_000.tga
dst\ch3_p9_21_000.tga
dst\ch3_p9_21_001.tga
dst\ch3_p9_22_000.tga
dst\ch3_p9_23_000.tga
dst\ch3_p9_24_000.tga
dst\ch3_p9_24_001.tga
dst\ch3_p9_24_002.tga
dst\ch3_p9_27_000.tga
dst\ch3_p9_bg1_000.tga
dst\ch3_p9_bg2_000.tga
dst\ch3_p9_bg3_001.tga
dst\ch3_p9_bg4_000.tga
dst\ch3_p9_bg5_000.tga
dst\ch3_p9_bg5_001.tga
dst\ch3_p9_bg5_002.tga
dst\ch3_p9_bg6_000.tga
dst\ch3_p9_bg7_000.tga
dst\ch3_p9_line_000.tga
dst\bg_black_000.tga
