ch2_p4.sfl
dst\ch2_koma_004.tga
dst\ch2_p4_1_000.tga
dst\ch2_p4_2_000.tga
dst\ch2_p4_3_000.tga
dst\ch2_p4_3_001.tga
dst\ch2_p4_3_002.tga
dst\ch2_p4_3_003.tga
dst\ch2_p4_3_004.tga
dst\ch2_p4_4_000.tga
dst\ch2_p4_4_001.tga
dst\ch2_p4_4_002.tga
dst\ch2_p4_4_003.tga
dst\ch2_p4_5_000.tga
dst\ch2_p4_6_000.tga
dst\ch2_p4_7_000.tga
dst\ch2_p4_8_000.tga
dst\ch2_p4_9_000.tga
dst\ch2_p4_10_000.tga
dst\ch2_p4_10_001.tga
dst\ch2_p4_10_002.tga
dst\ch2_p4_11_000.tga
dst\ch2_p4_11_001.tga
dst\ch2_p4_12_000.tga
dst\ch2_p4_bg1_000.tga
dst\ch2_p4_bg2_000.tga
dst\ch2_p4_bg2_001.tga
dst\ch2_p4_bg2_002.tga
dst\ch2_p4_bg2_003.tga
dst\ch2_p4_bg3_000.tga
dst\ch2_p4_bg4_000.tga
dst\ch2_p4_bg4_001.tga
dst\ch2_p4_bg5_000.tga
dst\ch2_p4_bg5_001.tga
dst\ch2_p4_line_000.tga
dst\bg_black_000.tga
