monokuma2.sfl
dst\gkj_curtain_a_000.tga
dst\gkj_curtain_a_001.tga
dst\gkj_curtain_a_002.tga
dst\gkj_curtain_a_003.tga
dst\gkj_curtain_b_000.tga
dst\gkj_curtain_b_001.tga
dst\gkj_curtain_b_002.tga
dst\gkj_curtain_b_003.tga
dst\gkj_tx_000.tga
dst\gkj_bg_000.tga
dst\gkj_bg_001.tga
dst\gkj_bk_000.tga
dst\gkj_frame_000.tga
dst\gkj_frame_001.tga
dst\gkj_frame_002.tga
dst\gkj_frame_003.tga
dst\gkj_title_000.tga
dst\gkj_title_001.tga
dst\gkj_monokuma_000.tga
dst\gkj_monokuma_001.tga
dst\gkj_sakura_000.tga
dst\gkj_hata_000.tga
