ch1_p8.sfl
dst\ch1_koma_007.tga
dst\ch1_p8_1_000.tga
dst\ch1_p8_2_000.tga
dst\ch1_p8_3_000.tga
dst\ch1_p8_3_001.tga
dst\ch1_p8_4_000.tga
dst\ch1_p8_5_000.tga
dst\ch1_p8_6_000.tga
dst\ch1_p8_6_001.tga
dst\ch1_p8_7_000.tga
dst\ch1_p8_8_000.tga
dst\ch1_p8_9_000.tga
dst\ch1_p8_10_000.tga
dst\ch1_p8_10_001.tga
dst\ch1_p8_10_002.tga
dst\ch1_p8_10_003.tga
dst\ch1_p8_10_004.tga
dst\ch1_p8_11_000.tga
dst\ch1_p8_bg1_000.tga
dst\ch1_p8_bg1_001.tga
dst\ch1_p8_bg1_002.tga
dst\ch1_p8_bg2_000.tga
dst\ch1_p8_bg2_001.tga
dst\ch1_p8_bg2_002.tga
dst\ch1_p8_bg3_000.tga
dst\ch1_p8_bg4_000.tga
dst\ch1_p8_bg5_000.tga
dst\ch1_p8_bg5_001.tga
dst\ch1_p8_line_000.tga
dst\bg_black_000.tga
