ch2_p7.sfl
dst\ch2_koma_006.tga
dst\ch2_p7_1_000.tga
dst\ch2_p7_2_000.tga
dst\ch2_p7_3_000.tga
dst\ch2_p7_4_000.tga
dst\ch2_p7_4_001.tga
dst\ch2_p7_4_002.tga
dst\ch2_p7_5_000.tga
dst\ch2_p7_6_000.tga
dst\ch2_p7_6_001.tga
dst\ch2_p7_7_000.tga
dst\ch2_p7_8_000.tga
dst\ch2_p7_8_001.tga
dst\ch2_p7_8_002.tga
dst\ch2_p7_8_003.tga
dst\ch2_p7_8_004.tga
dst\ch2_p7_8_005.tga
dst\ch2_p7_bg1_000.tga
dst\ch2_p7_bg2_000.tga
dst\ch2_p7_bg2_001.tga
dst\ch2_p7_bg3_000.tga
dst\ch2_p7_bg3_001.tga
dst\ch2_p7_bg4_000.tga
dst\ch2_p7_line_000.tga
dst\bg_black_000.tga
