ch4_p7.sfl
dst\ch4_koma_006.tga
dst\ch4_p7_1_000.tga
dst\ch4_p7_2_000.tga
dst\ch4_p7_3_000.tga
dst\ch4_p7_4_000.tga
dst\ch4_p7_4_001.tga
dst\ch4_p7_5_000.tga
dst\ch4_p7_6_000.tga
dst\ch4_p7_6_001.tga
dst\ch4_p7_6_002.tga
dst\ch4_p7_6_003.tga
dst\ch4_p7_6_004.tga
dst\ch4_p7_6_005.tga
dst\ch4_p7_6_006.tga
dst\ch4_p7_7_000.tga
dst\ch4_p7_8_000.tga
dst\ch4_p7_9_000.tga
dst\ch4_p7_9_001.tga
dst\ch4_p7_9_002.tga
dst\ch4_p7_10_000.tga
dst\ch4_p7_10_001.tga
dst\ch4_p7_10_002.tga
dst\ch4_p7_11_000.tga
dst\ch4_p7_11_001.tga
dst\ch4_p7_12_000.tga
dst\ch4_p7_12_001.tga
dst\ch4_p7_13_000.tga
dst\ch4_p7_14_000.tga
dst\ch4_p7_14_001.tga
dst\ch4_p7_14_002.tga
dst\ch4_p7_14_003.tga
dst\ch4_p7_bg1_000.tga
dst\ch4_p7_bg2_000.tga
dst\ch4_p7_bg2_001.tga
dst\ch4_p7_bg2_002.tga
dst\ch4_p7_bg2_003.tga
dst\ch4_p7_bg3_000.tga
dst\ch4_p7_bg3_001.tga
dst\ch4_p7_bg3_002.tga
dst\ch4_p7_bg4_000.tga
dst\ch4_p7_bg5_000.tga
dst\ch4_p7_bg5_001.tga
dst\ch4_p7_bg6_000.tga
dst\ch4_p7_bg6_001.tga
dst\ch4_p7_line_000.tga
dst\bg_black_000.tga
