ch3_p7.sfl
dst\ch3_koma_007.tga
dst\ch3_p7_1_000.tga
dst\ch3_p7_2_000.tga
dst\ch3_p7_3_000.tga
dst\ch3_p7_4_000.tga
dst\ch3_p7_11_000.tga
dst\ch3_p7_12_000.tga
dst\ch3_p7_14_000.tga
dst\ch3_p7_14_001.tga
dst\ch3_p7_15_000.tga
dst\ch3_p7_16_000.tga
dst\ch3_p7_17_000.tga
dst\ch3_p7_17_001.tga
dst\ch3_p7_18_000.tga
dst\ch3_p7_19_000.tga
dst\ch3_p7_20_000.tga
dst\ch3_p7_21_000.tga
dst\ch3_p7_22_000.tga
dst\ch3_p7_bg1_000.tga
dst\ch3_p7_bg2_000.tga
dst\ch3_p7_bg2_001.tga
dst\ch3_p7_bg4_000.tga
dst\ch3_p7_bg5_000.tga
dst\ch3_p7_bg5_001.tga
dst\ch3_p7_bg5_002.tga
dst\ch3_p7_bg6_000.tga
dst\ch3_p7_line_000.tga
dst\bg_black_000.tga
dst\ch3_p7_12_001.tga
