title_bg.sfl
dst\title_logo_000.tga
dst\title_bg_000.tga
dst\title_chara_left_000.tga
dst\title_chara_right_000.tga
dst\title_logo_001.tga
dst\title_chara_right_001.tga
dst\title_chara_right_002.tga
dst\title_chara_right_003.tga
dst\title_chara_right_004.tga
dst\title_chara_right_005.tga
dst\title_chara_right_006.tga
dst\title_chara_right_007.tga
dst\title_chara_right_008.tga
dst\title_chara_right_009.tga
dst\title_chara_right_010.tga
dst\title_chara_right_011.tga
dst\title_chara_right_012.tga
dst\title_chara_right_013.tga
dst\title_chara_right_014.tga
