ch3_p10.sfl
dst\ch3_koma_009.tga
dst\ch3_p10_1_000.tga
dst\ch3_p10_2_000.tga
dst\ch3_p10_3_000.tga
dst\ch3_p10_3_001.tga
dst\ch3_p10_3_002.tga
dst\ch3_p10_5_000.tga
dst\ch3_p10_6_000.tga
dst\ch3_p10_7_000.tga
dst\ch3_p10_8_000.tga
dst\ch3_p10_9_000.tga
dst\ch3_p10_11_000.tga
dst\ch3_p10_12_000.tga
dst\ch3_p10_13_000.tga
dst\ch3_p10_14_000.tga
dst\ch3_p10_15_000.tga
dst\ch3_p10_16_000.tga
dst\ch3_p10_17_000.tga
dst\ch3_p10_18_000.tga
dst\ch3_p10_19_000.tga
dst\ch3_p10_20_000.tga
dst\ch3_p10_bg1_000.tga
dst\ch3_p10_bg2_000.tga
dst\ch3_p10_bg3_000.tga
dst\ch3_p10_bg4_000.tga
dst\ch3_p10_bg5_000.tga
dst\ch3_p10_bg6_000.tga
dst\ch3_p10_bg6_001.tga
dst\ch3_p10_line_000.tga
dst\bg_black_000.tga
