ch2_p1.sfl
dst\ch2_koma_000.tga
dst\ch2_p1_1_000.tga
dst\ch2_p1_2_000.tga
dst\ch2_p1_3_000.tga
dst\ch2_p1_3_001.tga
dst\ch2_p1_4_000.tga
dst\ch2_p1_5_000.tga
dst\ch2_p1_6_000.tga
dst\ch2_p1_7_000.tga
dst\ch2_p1_8_000.tga
dst\ch2_p1_9_000.tga
dst\ch2_p1_10_000.tga
dst\ch2_p1_11_000.tga
dst\ch2_p1_12_000.tga
dst\ch2_p1_13_000.tga
dst\ch2_p1_bg1_000.tga
dst\ch2_p1_bg1_001.tga
dst\ch2_p1_bg2_000.tga
dst\ch2_p1_bg3_000.tga
dst\ch2_p1_bg4_000.tga
dst\ch2_p1_bg5_000.tga
dst\ch2_p1_bg5_001.tga
dst\ch2_p1_line_000.tga
dst\bg_black_000.tga
