event_fla_796.sfl
dst\796_zubo_001.tga
dst\796_zubo_000.tga
dst\796_zaza_000.tga
dst\796_shu_000.tga
dst\796_gin_001.tga
dst\796_gin_000.tga
dst\796_speedline_001.tga
dst\796_speedline_000.tga
dst\796_slash_001.tga
dst\796_slash_000.tga
dst\796_kira_000.tga
dst\796_flash_000.tga
dst\796_fight_ef_001.tga
dst\796_fight_ef_000.tga
dst\796_ogahead_000.tga
dst\796_oga_s_000.tga
dst\796_oga_kamae_000.tga
dst\796_oga_001.tga
dst\796_oga_000.tga
dst\796_kumahead_000.tga
dst\796_kumahand_000.tga
dst\796_kuma_tyakuti_000.tga
dst\796_kuma_s_000.tga
dst\796_kuma_000.tga
dst\796_hako_bg_000.tga
dst\796_hako_000.tga
dst\796_frame_000.tga
dst\796_beta_000.tga
