mainmenu_select.sfl
dst\mainmenu_select_tx_000.tga
dst\mainmenu_select_tx_001.tga
dst\mainmenu_select_tx_002.tga
dst\mainmenu_select_tx_003.tga
dst\mainmenu_select_tx_004.tga
dst\mainmenu_select_tx_005.tga
dst\mainmenu_select_tx_006.tga
dst\mainmenu_cursor_ef_000.tga
dst\mainmenu_cursor_000.tga
dst\mainmenu_select_pl_s_000.tga
dst\mainmenu_select_tx_007.tga
dst\mainmenu_select_tx_008.tga
dst\mainmenu_select_tx_009.tga
dst\mainmenu_select_tx_010.tga
dst\mainmenu_select_tx_011.tga
dst\mainmenu_select_tx_012.tga
dst\mainmenu_select_tx_013.tga
dst\mainmenu_select_tx_014.tga
dst\mainmenu_select_tx_015.tga
dst\mainmenu_select_tx_016.tga
dst\mainmenu_select_tx_017.tga
dst\mainmenu_select_tx_018.tga
dst\mainmenu_cursor_001.tga
dst\mainmenu_cursor_002.tga
