ch3_p4.sfl
dst\ch3_koma_004.tga
dst\ch3_p4_1_000.tga
dst\ch3_p4_2_000.tga
dst\ch3_p4_3_000.tga
dst\ch3_p4_4_000.tga
dst\ch3_p4_5_000.tga
dst\ch3_p4_5_001.tga
dst\ch3_p4_6_000.tga
dst\ch3_p4_7_000.tga
dst\ch3_p4_8_000.tga
dst\ch3_p4_9_000.tga
dst\ch3_p4_10_000.tga
dst\ch3_p4_11_000.tga
dst\ch3_p4_bg1_000.tga
dst\ch3_p4_bg2_000.tga
dst\ch3_p4_bg2_001.tga
dst\ch3_p4_bg3_000.tga
dst\ch3_p4_bg4_000.tga
dst\ch3_p4_bg5_000.tga
dst\ch3_p4_bg5_001.tga
dst\ch3_p4_bg6_000.tga
dst\ch3_p4_line_000.tga
dst\bg_black_000.tga
