sv_dateline.sfl
dst\holiday_000.tga
dst\nichime_000.tga
dst\day_num_dummy_000.tga
dst\day_num_000.tga
dst\beta_dn_000.tga
dst\beta_up_000.tga
dst\big_beta_000.tga
dst\big_naname_000.tga
dst\land_ico_000.tga
dst\land_ico_001.tga
dst\land_ico_002.tga
dst\land_ico_003.tga
dst\line_000.tga
dst\line_001.tga
dst\moon_ico_000.tga
dst\moon_ico_001.tga
dst\moon_ico_002.tga
dst\moon_ico_003.tga
dst\naname_l_000.tga
dst\naname_m_000.tga
dst\naname_s_000.tga
dst\sun_ico_000.tga
dst\sun_ico_001.tga
dst\sun_ico_002.tga
dst\sun_ico_003.tga
dst\beta_up_001.tga
dst\sv_shojihin_seiketsugauge_waku_000.tga
