guide.sfl
dst\guide_close_tx_000.tga
dst\system_guide_bg_000.tga
dst\system_guide_deco_pl_000.tga
dst\system_guide_pl_000.tga
dst\system_guide_title_pl_000.tga
dst\text12_dummy_000.tga
dst\text14_dummy_000.tga
dst\button_icn.tga
dst\guide_system_tx_000.tga
dst\guide_tx_001.tga
dst\guide_control_tx_000.tga
dst\guide_tx_000.tga
dst\guide_close_tx_001.tga
dst\guide_close_tx_002.tga
dst\guide_close_tx_003.tga
dst\guide_control_tx_001.tga
dst\guide_control_tx_002.tga
dst\guide_control_tx_003.tga
dst\guide_system_tx_001.tga
dst\guide_system_tx_002.tga
dst\guide_system_tx_003.tga
dst\system_guide_bg_001.tga
dst\system_guide_bg_002.tga
dst\system_guide_bg_003.tga
dst\system_guide_pl_001.tga
dst\system_guide_pl_002.tga
dst\system_guide_pl_003.tga
dst\system_guide_title_pl_001.tga
dst\system_guide_title_pl_002.tga
dst\system_guide_title_pl_003.tga
