..\..\flash\survival\sv_kodo_01naegi.pak
..\..\flash\survival\sv_kodo_02ishimaru.pak
..\..\flash\survival\sv_kodo_03togami.pak
..\..\flash\survival\sv_kodo_04ohwada.pak
..\..\flash\survival\sv_kodo_05kuwata.pak
..\..\flash\survival\sv_kodo_06yamada.pak
..\..\flash\survival\sv_kodo_07hagakure.pak
..\..\flash\survival\sv_kodo_15fujisaki.pak
..\..\flash\survival\sv_kodo_08maizono.pak
..\..\flash\survival\sv_kodo_09kirigiri.pak
..\..\flash\survival\sv_kodo_10asahina.pak
..\..\flash\survival\sv_kodo_11fukawa.pak
..\..\flash\survival\sv_kodo_12ohgami.pak
..\..\flash\survival\sv_kodo_13seresu.pak
..\..\flash\survival\sv_kodo_14enoshima.pak
..\..\flash\survival\sv_kodo.pak
..\..\flash\survival\sv_kodo_log.pak
..\..\..\all\flash\survival\sv_kodo_time.pak
..\..\..\all\flash\survival\sv_seiketsu_gauge.pak
..\..\..\all\flash\survival\sv_seiketsu_gauge2.pak
..\..\..\all\flash\survival\sv_seiketsu_gauge_kira.pak
..\..\..\all\flash\survival\sv_kodo_effect.pak
