ch4_p9.sfl
dst\ch4_p9_1_000.tga
dst\ch4_p9_2_000.tga
dst\ch4_p9_2_001.tga
dst\ch4_p9_2_002.tga
dst\ch4_p9_3_000.tga
dst\ch4_p9_3_001.tga
dst\ch4_p9_4_000.tga
dst\ch4_p9_4_001.tga
dst\ch4_p9_5_000.tga
dst\ch4_p9_6_000.tga
dst\ch4_p9_7_000.tga
dst\ch4_p9_8_000.tga
dst\ch4_p9_8_001.tga
dst\ch4_p9_9_000.tga
dst\ch4_p9_10_000.tga
dst\ch4_p9_10_001.tga
dst\ch4_p9_10_002.tga
dst\ch4_p9_11_000.tga
dst\ch4_p9_11_001.tga
dst\ch4_p9_11_002.tga
dst\ch4_p9_12_000.tga
dst\ch4_p9_12_001.tga
dst\ch4_p9_bg1_000.tga
dst\ch4_p9_bg2_000.tga
dst\ch4_p9_bg3_000.tga
dst\ch4_p9_bg4_000.tga
dst\ch4_p9_bg5_000.tga
dst\ch4_p9_bg5_001.tga
dst\ch4_p9_bg6_000.tga
dst\ch4_p9_bg7_000.tga
dst\ch4_p9_bg7_001.tga
dst\ch4_p9_line_000.tga
dst\bg_black_000.tga
