fla_041.sfl
..\..\..\..\..\..\bin\dr1\data\us\cg\scribble_000.tga
dst\bustup_usami_004.tga
dst\bustup_usami_000.tga
dst\mark_frag_000.tga
..\..\..\cg\sv_common\dst\sv_menu_bg_000.tga
dst\result_mark_001.tga
dst\result_mark_000.tga
dst\bustup_usami_007.tga
..\..\..\cg\sv_common\dst\beta.tga
..\..\..\cg\sv_menu_prize\dst\sv_menu_num_handwriting_000.tga
..\..\..\cg\sv_menu_prize\dst\sv_menu_prize_tx_000.tga
..\..\..\..\..\..\bin\Dr1\data\all\cg\sv_theme_01.tga
..\..\..\..\..\..\bin\Dr1\data\all\cg\sv_theme_02.tga
..\..\..\..\..\..\bin\Dr1\data\all\cg\sv_theme_03.tga
..\..\..\..\..\..\bin\Dr1\data\all\cg\sv_theme_04.tga
..\..\..\..\..\..\bin\Dr1\data\all\cg\sv_theme_05.tga
..\..\..\..\..\..\bin\Dr1\data\all\cg\sv_theme_06.tga
..\..\..\..\..\..\bin\Dr1\data\all\cg\sv_theme_07.tga
..\..\..\..\..\..\bin\Dr1\data\all\cg\sv_theme_08.tga
..\..\..\..\..\..\bin\Dr1\data\all\cg\sv_theme_09.tga
..\..\..\..\..\..\bin\Dr1\data\all\cg\sv_theme_10.tga
