ch3_p6.sfl
dst\ch3_koma_006.tga
dst\ch3_p6_1_000.tga
dst\ch3_p6_2_000.tga
dst\ch3_p6_3_000.tga
dst\ch3_p6_4_000.tga
dst\ch3_p6_5_000.tga
dst\ch3_p6_bg1_000.tga
dst\ch3_p6_bg2_000.tga
dst\ch3_p6_bg3_000.tga
dst\ch3_p6_26_000.tga
dst\ch3_p6_27_000.tga
dst\ch3_p6_28_000.tga
dst\ch3_p6_28_001.tga
dst\ch3_p6_29_000.tga
dst\ch3_p6_29_001.tga
dst\ch3_p6_30_000.tga
dst\ch3_p6_30_001.tga
dst\ch3_p6_31_000.tga
dst\ch3_p6_32_000.tga
dst\ch3_p6_32_001.tga
dst\ch3_p6_32_002.tga
dst\ch3_p6_line_000.tga
dst\bg_black_000.tga
dst\ch3_p6_30_002.tga
dst\ch3_p6_6_000.tga
