ch1_p9.sfl
dst\ch1_koma_008.tga
dst\ch1_p9_1_000.tga
dst\ch1_p9_2_000.tga
dst\ch1_p9_3_000.tga
dst\ch1_p9_4_000.tga
dst\ch1_p9_6_000.tga
dst\ch1_p9_6_001.tga
dst\ch1_p9_7_000.tga
dst\ch1_p9_7_001.tga
dst\ch1_p9_7_002.tga
dst\ch1_p9_7_003.tga
dst\ch1_p9_7_004.tga
dst\ch1_p9_8_000.tga
dst\ch1_p9_9_000.tga
dst\ch1_p9_10_000.tga
dst\ch1_p9_11_000.tga
dst\ch1_p9_11_001.tga
dst\ch1_p9_12_000.tga
dst\ch1_p9_13_000.tga
dst\ch1_p9_13_001.tga
dst\ch1_p9_bg1_000.tga
dst\ch1_p9_bg2_000.tga
dst\ch1_p9_bg3_000.tga
dst\ch1_p9_bg3_001.tga
dst\ch1_p9_bg4_000.tga
dst\ch1_p9_bg4_001.tga
dst\ch1_p9_bg4_002.tga
dst\ch1_p9_bg4_003.tga
dst\ch1_p9_bg4_004.tga
dst\ch1_p9_bg5_000.tga
dst\ch1_p9_bg5_001.tga
dst\ch1_p9_bg6_000.tga
dst\ch1_p9_bg6_001.tga
dst\ch1_p9_bg6_002.tga
dst\ch1_p9_line_000.tga
dst\bg_black_000.tga
