ch6_p7.sfl
dst\ch6_koma_009.tga
dst\ch6_p7_1_000.tga
dst\ch6_p7_1_001.tga
dst\ch6_p7_2_000.tga
dst\ch6_p7_2_001.tga
dst\ch6_p7_2_002.tga
dst\ch6_p7_3_000.tga
dst\ch6_p7_4_000.tga
dst\ch6_p7_5_000.tga
dst\ch6_p7_5_001.tga
dst\ch6_p7_6_000.tga
dst\ch6_p7_7_000.tga
dst\ch6_p7_7_001.tga
dst\ch6_p7_8_000.tga
dst\ch6_p7_8_001.tga
dst\ch6_p7_8_002.tga
dst\ch6_p7_8_003.tga
dst\ch6_p7_9_000.tga
dst\ch6_p7_9_001.tga
dst\ch6_p7_9_002.tga
dst\ch6_p7_10_000.tga
dst\ch6_p7_10_001.tga
dst\ch6_p7_10_002.tga
dst\ch6_p7_bg1_000.tga
dst\ch6_p7_bg2_000.tga
dst\ch6_p7_bg3_000.tga
dst\ch6_p7_bg3_001.tga
dst\ch6_p7_bg4_000.tga
dst\ch6_p7_bg4_001.tga
dst\ch6_p7_line_000.tga
dst\bg_black_000.tga
