ch4_p4.sfl
dst\ch4_koma_002.tga
dst\ch4_koma_003.tga
dst\ch4_p4_1_000.tga
dst\ch4_p4_2_000.tga
dst\ch4_p4_3_000.tga
dst\ch4_p4_4_000.tga
dst\ch4_p4_4_001.tga
dst\ch4_p4_4_002.tga
dst\ch4_p4_4_003.tga
dst\ch4_p4_4_004.tga
dst\ch4_p4_4_005.tga
dst\ch4_p4_4_006.tga
dst\ch4_p4_4_007.tga
dst\ch4_p4_4_008.tga
dst\ch4_p4_5_000.tga
dst\ch4_p4_5_001.tga
dst\ch4_p4_5_002.tga
dst\ch4_p4_5_003.tga
dst\ch4_p4_5_004.tga
dst\ch4_p4_6_000.tga
dst\ch4_p4_7_000.tga
dst\ch4_p4_8_000.tga
dst\ch4_p4_9_000.tga
dst\ch4_p4_10_000.tga
dst\ch4_p4_11_000.tga
dst\ch4_p4_12_000.tga
dst\ch4_p4_13_000.tga
dst\ch4_p4_14_000.tga
dst\ch4_p4_15_000.tga
dst\ch4_p4_16_000.tga
dst\ch4_p4_bg1_000.tga
dst\ch4_p4_bg1_001.tga
dst\ch4_p4_bg2_000.tga
dst\ch4_p4_bg2_001.tga
dst\ch4_p4_bg3_000.tga
dst\ch4_p4_bg4_000.tga
dst\ch4_p4_bg5_000.tga
dst\ch4_p4_bg5_001.tga
dst\ch1_p11bg_000.tga
dst\ch4_p4_line_000.tga
dst\bg_black_000.tga
