movie_kachinko.sfl
dst\movie_icn_000.tga
dst\movie_noise_000.tga
dst\movie_noise_001.tga
dst\movie_ef_000_000.tga
dst\movie_pl_002_000.tga
dst\movie_pl_002_001.tga
dst\movie_icn_031.tga
dst\movie_icn_001.tga
dst\movie_icn_002.tga
dst\movie_icn_003.tga
dst\movie_icn_004.tga
dst\movie_icn_005.tga
dst\movie_icn_006.tga
dst\movie_icn_007.tga
dst\movie_icn_008.tga
dst\movie_icn_009.tga
dst\movie_icn_010.tga
dst\movie_icn_011.tga
dst\movie_icn_012.tga
dst\movie_icn_013.tga
dst\movie_icn_014.tga
dst\movie_icn_015.tga
dst\movie_icn_016.tga
dst\movie_icn_017.tga
dst\movie_icn_018.tga
dst\movie_icn_019.tga
dst\movie_icn_020.tga
dst\movie_icn_021.tga
dst\movie_icn_022.tga
dst\movie_icn_023.tga
dst\movie_icn_024.tga
dst\movie_icn_025.tga
dst\movie_icn_026.tga
dst\movie_icn_027.tga
dst\movie_icn_028.tga
dst\movie_icn_029.tga
dst\movie_icn_030.tga
