ch2_p10.sfl
dst\ch2_koma_009.tga
dst\ch2_p10_1_000.tga
dst\ch2_p10_2_000.tga
dst\ch2_p10_3_000.tga
dst\ch2_p10_4_000.tga
dst\ch2_p10_4_001.tga
dst\ch2_p10_5_000.tga
dst\ch2_p10_6_000.tga
dst\ch2_p10_7_000.tga
dst\ch2_p10_8_000.tga
dst\ch2_p10_8_001.tga
dst\ch2_p10_9_000.tga
dst\ch2_p10_10_000.tga
dst\ch2_p10_11_000.tga
dst\ch2_p10_bg2_000.tga
dst\ch2_p10_bg3_000.tga
dst\ch2_p10_bg4_000.tga
dst\ch2_p10_bg4_001.tga
dst\ch2_p10_bg4_002.tga
dst\ch2_p10_bg5_000.tga
dst\ch2_p10_bg6_000.tga
dst\ch2_p10_line_000.tga
dst\bg_black_000.tga
