ch2_p11.sfl
dst\ch2_koma_010.tga
dst\ch2_koma_011.tga
dst\ch2_p11_1_000.tga
dst\ch2_p11_2_000.tga
dst\ch2_p11_3_000.tga
dst\ch2_p11_4_000.tga
dst\ch2_p11_4_001.tga
dst\ch2_p11_5_000.tga
dst\ch2_p11_5_001.tga
dst\ch2_p11_5_002.tga
dst\ch2_p11_6_000.tga
dst\ch2_p11_7_000.tga
dst\ch2_p11_8_000.tga
dst\ch2_p11_9_000.tga
dst\ch2_p11_10_000.tga
dst\ch2_p11_11_000.tga
dst\ch2_p11_11_001.tga
dst\ch2_p11_11_002.tga
dst\ch2_p11_bg1_000.tga
dst\ch2_p11_bg2_000.tga
dst\ch2_p11_bg2_001.tga
dst\ch2_p11_bg3_000.tga
dst\ch2_p11_bg3_001.tga
dst\ch2_p11_bg4_000.tga
dst\ch2_p11_bg4_001.tga
dst\ch2_p11_bg5_000.tga
dst\ch2_p11_bg6_000.tga
dst\ch2_p11_bg6_001.tga
dst\ch2_p11_bg6_002.tga
dst\ch2_p11_line_000.tga
dst\bg_black_000.tga
