ch6_p2.sfl
dst\ch6_p2_1_000.tga
dst\ch6_p2_2_000.tga
dst\ch6_p2_3_000.tga
dst\ch6_p2_4_000.tga
dst\ch6_p2_4_001.tga
dst\ch6_p2_5_000.tga
dst\ch6_p2_6_000.tga
dst\ch6_p2_6_001.tga
dst\ch6_p2_6_002.tga
dst\ch6_p2_6_003.tga
dst\ch6_p2_7_000.tga
dst\ch6_p2_7_001.tga
dst\ch6_p2_7_002.tga
dst\ch6_p2_7_003.tga
dst\ch6_p2_7_004.tga
dst\ch6_p2_7_005.tga
dst\ch6_p2_8_000.tga
dst\ch6_p2_8_001.tga
dst\ch6_p2_8_002.tga
dst\ch6_p2_8_003.tga
dst\ch6_p2_9_000.tga
dst\ch6_p2_10_000.tga
dst\ch6_p2_11_000.tga
dst\ch6_p2_11_001.tga
dst\ch6_p2_12_000.tga
dst\ch6_p2_12_001.tga
dst\ch6_p2_12_002.tga
dst\ch6_p2_12_003.tga
dst\ch6_p2_bg1_000.tga
dst\ch6_p2_bg2_000.tga
dst\ch6_p2_bg3_000.tga
dst\ch6_p2_bg3_001.tga
dst\ch6_p2_bg4_000.tga
dst\ch1_p11bg_000.tga
dst\ch6_p2_line_000.tga
dst\bg_black_000.tga
