event_fla_846.sfl
dst\event_fla_146_000.tga
dst\event_fla_146_001.tga
dst\event_fla_146_002.tga
dst\event_fla_146_003.tga
dst\event_fla_146_004.tga
dst\event_fla_146_005.tga
dst\event_fla_146_006.tga
dst\event_fla_146_007.tga
dst\toujou_line_000.tga
dst\toujou_deco_l_000.tga
dst\toujou_deco_m_000.tga
dst\toujou_deco_s_000.tga
dst\toujou_bg_000.tga
dst\toujou_boss_tx_000.tga
dst\toujou_boss_tx_001.tga
dst\toujou_pl_000.tga
dst\event_fla_146_008.tga
dst\event_fla_146_009.tga
dst\event_fla_146_010.tga
