mainmenu_img.sfl
dst\mainmenu_chapter_img_000.tga
dst\mainmenu_chapter_img_001.tga
dst\mainmenu_circle_000.tga
dst\mainmenu_circle_001.tga
dst\mainmenu_img_ef_000.tga
dst\mainmenu_chapter_img_002.tga
dst\mainmenu_chapter_img_003.tga
dst\mainmenu_chapter_img_004.tga
dst\mainmenu_chapter_img_005.tga
dst\mainmenu_chapter_img_006.tga
dst\mainmenu_chapter_img_007.tga
dst\mainmenu_chapter_img_008.tga
dst\mainmenu_system_img_000.tga
dst\mainmenu_top_img_000.tga
dst\mainmenu_extra_e_img_000.tga
dst\mainmenu_extra_m_img_000.tga
dst\mainmenu_extra_a_img_000.tga
dst\mainmenu_extra_s_img_000.tga
dst\mainmenu_extra_k_img_000.tga
