ch6_p6.sfl
dst\ch6_koma_008.tga
dst\ch6_p6_1_000.tga
dst\ch6_p6_2_000.tga
dst\ch6_p6_3_000.tga
dst\ch6_p6_3_001.tga
dst\ch6_p6_3_002.tga
dst\ch6_p6_3_003.tga
dst\ch6_p6_3_004.tga
dst\ch6_p6_3_005.tga
dst\ch6_p6_3_006.tga
dst\ch6_p6_3_007.tga
dst\ch6_p6_3_008.tga
dst\ch6_p6_4_000.tga
dst\ch6_p6_5_000.tga
dst\ch6_p6_6_000.tga
dst\ch6_p6_6_001.tga
dst\ch6_p6_7_000.tga
dst\ch6_p6_7_001.tga
dst\ch6_p6_7_002.tga
dst\ch6_p6_8_000.tga
dst\ch6_p6_10_000.tga
dst\ch6_p6_11_000.tga
dst\ch6_p6_12_000.tga
dst\ch6_p6_bg1_000.tga
dst\ch6_p6_bg2_000.tga
dst\ch6_p6_bg2_001.tga
dst\ch6_p6_bg3_000.tga
dst\ch6_p6_bg3_001.tga
dst\ch6_p6_bg4_000.tga
dst\ch6_p6_bg5_000.tga
dst\ch6_p6_bg5_001.tga
dst\ch6_p6_line_000.tga
dst\bg_black_000.tga
