ch2_p6.sfl
dst\ch2_koma_005.tga
dst\ch2_koma_006.tga
dst\ch2_p6_1_000.tga
dst\ch2_p6_2_000.tga
dst\ch2_p6_3_000.tga
dst\ch2_p6_4_000.tga
dst\ch2_p6_4_001.tga
dst\ch2_p6_4_002.tga
dst\ch2_p6_5_000.tga
dst\ch2_p6_6_000.tga
dst\ch2_p6_7_000.tga
dst\ch2_p6_8_000.tga
dst\ch2_p6_8_001.tga
dst\ch2_p6_8_002.tga
dst\ch2_p6_8_003.tga
dst\ch2_p6_8_004.tga
dst\ch2_p6_9_000.tga
dst\ch2_p6_10_000.tga
dst\ch2_p6_11_000.tga
dst\ch2_p6_bg1_000.tga
dst\ch2_p6_bg2_000.tga
dst\ch2_p6_bg3_000.tga
dst\ch2_p6_bg3_001.tga
dst\ch2_p6_bg4_000.tga
dst\ch2_p6_bg5_000.tga
dst\ch2_p6_bg5_001.tga
dst\ch2_p6_line_000.tga
dst\bg_black_000.tga
