ch1_p10.sfl
dst\ch1_koma_009.tga
dst\ch1_p10_1_000.tga
dst\ch1_p10_2_000.tga
dst\ch1_p10_3_000.tga
dst\ch1_p10_3_001.tga
dst\ch1_p10_4_000.tga
dst\ch1_p10_5_000.tga
dst\ch1_p10_6_000.tga
dst\ch1_p10_7_000.tga
dst\ch1_p10_7_001.tga
dst\ch1_p10_8_000.tga
dst\ch1_p10_9_000.tga
dst\ch1_p10_10_000.tga
dst\ch1_p10_10_001.tga
dst\ch1_p10_11_000.tga
dst\ch1_p10_11_001.tga
dst\ch1_p10_11_002.tga
dst\ch1_p10_bg1_000.tga
dst\ch1_p10_bg2_000.tga
dst\ch1_p10_bg2_001.tga
dst\ch1_p10_bg3_000.tga
dst\ch1_p10_bg4_000.tga
dst\ch1_p10_bg4_001.tga
dst\ch1_p10_bg5_000.tga
dst\ch1_p10_bg5_001.tga
dst\ch1_p10_line_000.tga
dst\bg_black_000.tga
