fla_043.sfl
dst\sv_shindan_tx_title_005.tga
dst\sv_shindan_tx_title_004.tga
dst\sv_shindan_tx_title_003.tga
dst\sv_shindan_tx_title_002.tga
dst\sv_shindan_tx_title_001.tga
dst\sv_shindan_tx_title_000.tga
dst\sv_shindan_hinata_bgheart_002.tga
dst\sv_shindan_hinata_bgheart_001.tga
dst\sv_shindan_hinata_bgheart_000.tga
dst\sv_shindan_hinata_001.tga
dst\sv_shindan_hinata_000.tga
dst\sv_shindan_heart_001.tga
dst\sv_shindan_heart_000.tga
dst\sv_shindan_gaugemax_area_ill_006.tga
dst\sv_shindan_gaugemax_area_ill_005.tga
dst\sv_shindan_gaugemax_area_ill_004.tga
dst\sv_shindan_gaugemax_area_ill_003.tga
dst\sv_shindan_gaugemax_area_ill_002.tga
dst\sv_shindan_gaugemax_area_ill_001.tga
dst\sv_shindan_gaugemax_area_ill_000.tga
dst\sv_shindan_gauge_bg2_000.tga
dst\sv_shindan_arrow_000.tga
dst\beta.tga
dst\sv_shindan_tx_title_006.tga
dst\sv_shindan_bg_ill_000_000.tga
dst\sv_shindan_bg_ill_001_000.tga
dst\sv_shindan_bg_ill_002.tga
