skaiwa00.sfl
dst\skaiwa_message_pl_head.tga
dst\skaiwa_message_pl_base.tga
dst\skaiwa_chara_pl.tga
dst\skaiwa_case_pl_001.tga
dst\skaiwa_case_pl_000.tga
dst\skaiwa_arch_pl_001.tga
dst\skaiwa_arch_pl_000.tga
dst\skaiwa_line.tga
dst\skaiwa_curve_line_001.tga
dst\skaiwa_curve_line_000.tga
dst\skaiwa_circle_line.tga
dst\skaiwa_arch_line_003.tga
dst\skaiwa_arch_line_002.tga
dst\skaiwa_arch_line_001.tga
dst\skaiwa_arch_line_000.tga
dst\skaiwa_circle_ef.tga
dst\cmn_name_tx_000_000.tga
dst\cmn_name_tx_001_000.tga
dst\skaiwa_message_pl_head_ef.tga
dst\skaiwa_case_l_tx_000.tga
dst\skaiwa_case_r_tx_000.tga
