ch6_p3.sfl
dst\ch6_koma_001.tga
dst\ch6_p3_1_000.tga
dst\ch6_p3_2_000.tga
dst\ch6_p3_3_000.tga
dst\ch6_p3_4_000.tga
dst\ch6_p3_5_000.tga
dst\ch6_p3_6_000.tga
dst\ch6_p3_7_000.tga
dst\ch6_p3_8_000.tga
dst\ch6_p3_9_000.tga
dst\ch6_p3_9_001.tga
dst\ch6_p3_9_002.tga
dst\ch6_p3_10_000.tga
dst\ch6_p3_11_000.tga
dst\ch6_p3_12_000.tga
dst\ch6_p3_13_000.tga
dst\ch6_p3_13_001.tga
dst\ch6_p3_14_000.tga
dst\ch6_p3_15_000.tga
dst\ch6_p3_15_001.tga
dst\ch6_p3_15_002.tga
dst\ch6_p3_15_003.tga
dst\ch6_p3_15_004.tga
dst\ch6_p3_15_005.tga
dst\ch6_p3_bg1_000.tga
dst\ch6_p3_bg2_000.tga
dst\ch6_p3_bg3_000.tga
dst\ch6_p3_bg3_001.tga
dst\ch6_p3_bg4_000.tga
dst\ch6_p3_bg5_000.tga
dst\ch6_p3_bg5_001.tga
dst\ch6_p3_bg6_000.tga
dst\ch6_p3_line_000.tga
dst\bg_black_000.tga
