H:\Danganronpa\Development\Source\grp\dr1\jp\cg\tex_result\dst\result_bg_000.tga
H:\Danganronpa\Development\Source\grp\dr1\jp\cg\tex_result\dst\result_cursor_000.tga
H:\Danganronpa\Development\Source\grp\dr1\jp\cg\tex_result\dst\result_deco_pl_000.tga
H:\Danganronpa\Development\Source\grp\dr1\jp\cg\tex_result\dst\result_medal_num.tga
H:\Danganronpa\Development\Source\grp\dr1\jp\cg\tex_result\dst\result_perfect_tx_000.tga
H:\Danganronpa\Development\Source\grp\dr1\jp\cg\tex_result\dst\result_phase_num.tga
H:\Danganronpa\Development\Source\grp\dr1\jp\cg\tex_result\dst\result_phase_tx_000.tga
H:\Danganronpa\Development\Source\grp\dr1\jp\cg\tex_result\dst\result_phase_tx_001.tga
H:\Danganronpa\Development\Source\grp\dr1\jp\cg\tex_result\dst\result_phase_tx_002.tga
H:\Danganronpa\Development\Source\grp\dr1\jp\cg\tex_result\dst\result_phase_tx_003.tga
H:\Danganronpa\Development\Source\grp\dr1\jp\cg\tex_result\dst\result_phase_tx_004.tga
H:\Danganronpa\Development\Source\grp\dr1\jp\cg\tex_result\dst\result_phase_tx_005.tga
H:\Danganronpa\Development\Source\grp\dr1\jp\cg\tex_result\dst\result_phase_tx_006.tga
H:\Danganronpa\Development\Source\grp\dr1\jp\cg\tex_result\dst\result_phase_tx_007.tga
H:\Danganronpa\Development\Source\grp\dr1\jp\cg\tex_result\dst\result_phase_tx_008.tga
H:\Danganronpa\Development\Source\grp\dr1\jp\cg\tex_result\dst\result_phase_tx_009.tga
H:\Danganronpa\Development\Source\grp\dr1\jp\cg\tex_result\dst\result_phase_tx_010.tga
H:\Danganronpa\Development\Source\grp\dr1\jp\cg\tex_result\dst\result_phase_tx_011.tga
H:\Danganronpa\Development\Source\grp\dr1\jp\cg\tex_result\dst\result_phase_tx_012.tga
H:\Danganronpa\Development\Source\grp\dr1\jp\cg\tex_result\dst\result_phase_tx_013.tga
H:\Danganronpa\Development\Source\grp\dr1\jp\cg\tex_result\dst\result_phase_tx_014.tga
H:\Danganronpa\Development\Source\grp\dr1\jp\cg\tex_result\dst\result_phase_tx_015.tga
H:\Danganronpa\Development\Source\grp\dr1\jp\cg\tex_result\dst\result_phase_tx_016.tga
H:\Danganronpa\Development\Source\grp\dr1\jp\cg\tex_result\dst\result_phase_tx_017.tga
H:\Danganronpa\Development\Source\grp\dr1\jp\cg\tex_result\dst\result_phase_tx_018.tga
H:\Danganronpa\Development\Source\grp\dr1\jp\cg\tex_result\dst\result_phase_tx_019.tga
H:\Danganronpa\Development\Source\grp\dr1\jp\cg\tex_result\dst\result_phase_tx_020.tga
H:\Danganronpa\Development\Source\grp\dr1\jp\cg\tex_result\dst\result_pl_000.tga
H:\Danganronpa\Development\Source\grp\dr1\jp\cg\tex_result\dst\result_score_num.tga
H:\Danganronpa\Development\Source\grp\dr1\jp\cg\tex_result\dst\result_score_pl_000.tga
H:\Danganronpa\Development\Source\grp\dr1\jp\cg\tex_result\dst\result_score_s_num.tga
H:\Danganronpa\Development\Source\grp\dr1\jp\cg\tex_result\dst\result_score_tx_000.tga
H:\Danganronpa\Development\Source\grp\dr1\jp\cg\tex_result\dst\result_score_tx_001.tga
H:\Danganronpa\Development\Source\grp\dr1\jp\cg\tex_result\dst\result_sub_l_tx_000.tga
H:\Danganronpa\Development\Source\grp\dr1\jp\cg\tex_result\dst\result_sub_l_tx_001.tga
H:\Danganronpa\Development\Source\grp\dr1\jp\cg\tex_result\dst\result_sub_s_tx_000.tga
H:\Danganronpa\Development\Source\grp\dr1\jp\cg\tex_result\dst\result_sub_s_tx_001.tga
H:\Danganronpa\Development\Source\grp\dr1\jp\cg\tex_result\dst\result_sub_s_tx_002.tga
H:\Danganronpa\Development\Source\grp\dr1\jp\cg\tex_result\dst\result_total_tx_000.tga
H:\Danganronpa\Development\Source\grp\dr1\jp\cg\tex_result\dst\time_num.tga
