ch3_p3.sfl
dst\ch3_koma_003.tga
dst\ch3_p3_1_000.tga
dst\ch3_p3_1_001.tga
dst\ch3_p3_1_002.tga
dst\ch3_p3_1_003.tga
dst\ch3_p3_1_004.tga
dst\ch3_p3_6_000.tga
dst\ch3_p3_6_001.tga
dst\ch3_p3_9_000.tga
dst\ch3_p3_9_001.tga
dst\ch3_p3_11_000.tga
dst\ch3_p3_12_000.tga
dst\ch3_p3_13_000.tga
dst\ch3_p3_14_000.tga
dst\ch3_p3_15_000.tga
dst\ch3_p3_15_001.tga
dst\ch3_p3_16_000.tga
dst\ch3_p3_17_000.tga
dst\ch3_p3_18_000.tga
dst\ch3_p3_bg1_000.tga
dst\ch3_p3_bg2_001.tga
dst\ch3_p3_bg2_002.tga
dst\ch3_p3_bg2_003.tga
dst\ch3_p3_bg3_000.tga
dst\ch3_p3_bg4_000.tga
dst\ch3_p3_bg5_000.tga
dst\ch3_p3_line_000.tga
dst\bg_black_000.tga
